[
  {
    "level": "INFO",
    "message": "android.ndkVersion from module build.gradle is not set"
  },
  {
    "level": "INFO",
    "message": "ndk.dir in local.properties is /Users/owenjiang/Library/Android/sdk/ndk/23.1.7779620"
  },
  {
    "level": "INFO",
    "message": "ANDROID_NDK_HOME environment variable is not set"
  },
  {
    "level": "INFO",
    "message": "sdkFolder is /Users/owenjiang/Library/Android/sdk"
  },
  {
    "level": "INFO",
    "message": "Considering /Users/owenjiang/Library/Android/sdk/ndk/23.1.7779620 by ndk.dir"
  },
  {
    "level": "INFO",
    "message": "Considering /Users/owenjiang/Library/Android/sdk/ndk-bundle in SDK ndk-bundle folder"
  },
  {
    "level": "INFO",
    "message": "Considering /Users/owenjiang/Library/Android/sdk/ndk/23.0.7530507 in SDK ndk folder"
  },
  {
    "level": "INFO",
    "message": "Considering /Users/owenjiang/Library/Android/sdk/ndk/23.1.7779620 in SDK ndk folder"
  },
  {
    "level": "INFO",
    "message": "Found requested ndk.dir (/Users/owenjiang/Library/Android/sdk/ndk/23.1.7779620) which has version 23.1.7779620"
  }
]